[debug] [2026-06-08T20:43:44.114Z] ----------------------------------------------------------------------
[debug] [2026-06-08T20:43:44.116Z] Command:       C:\Program Files\nodejs\node.exe C:\Users\rafae\AppData\Roaming\npm\node_modules\firebase-tools\lib\bin\firebase.js deploy
[debug] [2026-06-08T20:43:44.116Z] CLI Version:   15.19.1
[debug] [2026-06-08T20:43:44.116Z] Platform:      win32
[debug] [2026-06-08T20:43:44.116Z] Node Version:  v26.2.0
[debug] [2026-06-08T20:43:44.116Z] Time:          Mon Jun 08 2026 22:43:44 GMT+0200 (hora de verano de Europa central)
[debug] [2026-06-08T20:43:44.116Z] ----------------------------------------------------------------------
[debug] 
[debug] [2026-06-08T20:43:45.259Z] > command requires scopes: ["email","openid","https://www.googleapis.com/auth/cloudplatformprojects.readonly","https://www.googleapis.com/auth/firebase","https://www.googleapis.com/auth/cloud-platform"]
[debug] [2026-06-08T20:43:45.260Z] > authorizing via signed-in user (rafaelsanzprades@gmail.com)
[debug] [2026-06-08T20:43:45.260Z] [iam] checking project cuadernofp for permissions ["firebase.projects.get","firebasehosting.sites.update"]
[debug] [2026-06-08T20:43:45.261Z] Checked if tokens are valid: true, expires at: 1780954967103
[debug] [2026-06-08T20:43:45.261Z] Checked if tokens are valid: true, expires at: 1780954967103
[debug] [2026-06-08T20:43:45.261Z] >>> [apiv2][query] POST https://cloudresourcemanager.googleapis.com/v1/projects/cuadernofp:testIamPermissions [none]
[debug] [2026-06-08T20:43:45.261Z] >>> [apiv2][(partial)header] POST https://cloudresourcemanager.googleapis.com/v1/projects/cuadernofp:testIamPermissions  x-goog-user-project=cuadernofp
[debug] [2026-06-08T20:43:45.261Z] >>> [apiv2][body] POST https://cloudresourcemanager.googleapis.com/v1/projects/cuadernofp:testIamPermissions {"permissions":["firebase.projects.get","firebasehosting.sites.update"]}
[debug] [2026-06-08T20:43:46.015Z] <<< [apiv2][status] POST https://cloudresourcemanager.googleapis.com/v1/projects/cuadernofp:testIamPermissions 200
[debug] [2026-06-08T20:43:46.015Z] <<< [apiv2][body] POST https://cloudresourcemanager.googleapis.com/v1/projects/cuadernofp:testIamPermissions {"permissions":["firebase.projects.get","firebasehosting.sites.update"]}
[debug] [2026-06-08T20:43:46.016Z] Checked if tokens are valid: true, expires at: 1780954967103
[debug] [2026-06-08T20:43:46.016Z] Checked if tokens are valid: true, expires at: 1780954967103
[debug] [2026-06-08T20:43:46.016Z] >>> [apiv2][query] GET https://firebase.googleapis.com/v1beta1/projects/cuadernofp [none]
[debug] [2026-06-08T20:43:46.404Z] <<< [apiv2][status] GET https://firebase.googleapis.com/v1beta1/projects/cuadernofp 200
[debug] [2026-06-08T20:43:46.405Z] <<< [apiv2][body] GET https://firebase.googleapis.com/v1beta1/projects/cuadernofp {"projectId":"cuadernofp","projectNumber":"215337606799","displayName":"CuadernoFP","name":"projects/cuadernofp","resources":{"hostingSite":"cuadernofp"},"state":"ACTIVE","etag":"1_5a5acfd0-5df5-45fa-a6d4-0a067e5bd9d6"}
[info] 
   Thank you for trying our early preview of Next.js support on Firebase Hosting.
   During the preview, support is best-effort and breaking changes can be expected. Proceed with caution.
   The integration is known to work with Next.js version 12 - 16.0. You may encounter errors.

   Documentation: https://firebase.google.com/docs/hosting/frameworks/nextjs
   File a bug: https://github.com/firebase/firebase-tools/issues/new?template=bug_report.md
   Submit a feature request: https://github.com/firebase/firebase-tools/issues/new?template=feature_request.md

   We'd love to learn from you. Express your interest in helping us shape the future of Firebase Hosting: https://goo.gle/41enW5X

[debug] [2026-06-08T20:43:55.060Z] Checked if tokens are valid: true, expires at: 1780954967103
[debug] [2026-06-08T20:43:55.060Z] Checked if tokens are valid: true, expires at: 1780954967103
[debug] [2026-06-08T20:43:55.060Z] >>> [apiv2][query] GET https://firebasehosting.googleapis.com/v1beta1/projects/cuadernofp/sites/cuadernofp [none]
[debug] [2026-06-08T20:43:56.436Z] <<< [apiv2][status] GET https://firebasehosting.googleapis.com/v1beta1/projects/cuadernofp/sites/cuadernofp 200
[debug] [2026-06-08T20:43:56.436Z] <<< [apiv2][body] GET https://firebasehosting.googleapis.com/v1beta1/projects/cuadernofp/sites/cuadernofp {"name":"projects/cuadernofp/sites/cuadernofp","defaultUrl":"https://cuadernofp.web.app","type":"DEFAULT_SITE"}
[info] ▲ Next.js 16.2.7 (Turbopack)

[info] - Environments: .env.local


[info]   Creating an optimized production build ...

[info] (node:21092) [DEP0205] DeprecationWarning: `module.register()` is deprecated. Use `module.registerHooks()` instead.
(Use `node --trace-deprecation ...` to show where the warning was created)

[info] 

[info] > Build error occurred

[info] Error: Turbopack build failed with 1 errors:
./src/app/calendario/page.tsx:564:14
Unexpected token. Did you mean `{'}'}` or `&rbrace;`?
  562 |           )}
  563 |
> 564 |             )}
      |              ^
  565 |
  566 |           </MotionWrapper>
  567 |         </main>

Parsing ecmascript source code failed


    at <unknown> (./src/app/calendario/page.tsx:564:14)

[debug] [2026-06-08T20:44:10.243Z] Error: ENOENT: no such file or directory, open 'C:\GD-rsp\APP\frontend\.next\server\middleware-manifest.json'
[error] 
[error] Error: An unexpected error has occurred.
